2013-11-12 04:16:06 Error: Fatal Error (64): Cannot redeclare class DATABASE_CONFIG in [C:\Program Files (x86)\EasyPHP-DevServer-13.1VC11\data\localweb\projects\cakephp\app\Config\database.php, line 87]
2013-11-12 04:16:06 Error: [FatalErrorException] Cannot redeclare class DATABASE_CONFIG
Request URL: /projects/cakephp/
Stack Trace:
#0 C:\Program Files (x86)\EasyPHP-DevServer-13.1VC11\data\localweb\projects\cakephp\lib\Cake\Error\ErrorHandler.php(205): ErrorHandler::handleFatalError(64, 'Cannot redeclar...', 'C:\Program File...', 87)
#1 [internal function]: ErrorHandler::handleError(64, 'Cannot redeclar...', 'C:\Program File...', 87, Array)
#2 C:\Program Files (x86)\EasyPHP-DevServer-13.1VC11\data\localweb\projects\cakephp\lib\Cake\Core\App.php(931): call_user_func('ErrorHandler::h...', 64, 'Cannot redeclar...', 'C:\Program File...', 87, Array)
#3 C:\Program Files (x86)\EasyPHP-DevServer-13.1VC11\data\localweb\projects\cakephp\lib\Cake\Core\App.php(904): App::_checkFatalError()
#4 [internal function]: App::shutdown()
#5 {main}
2013-11-12 04:41:13 Error: [MissingPluginException] Plugin DebugKit could not be found.
Exception Attributes: array (
  'plugin' => 'DebugKit',
)
Stack Trace:
#0 C:\Program Files (x86)\EasyPHP-DevServer-13.1VC11\data\localweb\projects\cakephp\app\Config\bootstrap.php(110): CakePlugin::load('DebugKit')
#1 C:\Program Files (x86)\EasyPHP-DevServer-13.1VC11\data\localweb\projects\cakephp\lib\Cake\Core\Configure.php(92): include('C:\Program File...')
#2 C:\Program Files (x86)\EasyPHP-DevServer-13.1VC11\data\localweb\projects\cakephp\lib\Cake\bootstrap.php(177): Configure::bootstrap(true)
#3 C:\Program Files (x86)\EasyPHP-DevServer-13.1VC11\data\localweb\projects\cakephp\app\webroot\index.php(92): include('C:\Program File...')
#4 {main}
2013-11-12 04:41:13 Error: Fatal Error (4): syntax error, unexpected 'public' (T_PUBLIC) in [C:\Program Files (x86)\EasyPHP-DevServer-13.1VC11\data\localweb\projects\cakephp\app\Controller\AppController.php, line 36]
2013-11-12 04:41:13 Error: [FatalErrorException] syntax error, unexpected 'public' (T_PUBLIC)
Stack Trace:
#0 C:\Program Files (x86)\EasyPHP-DevServer-13.1VC11\data\localweb\projects\cakephp\lib\Cake\Error\ErrorHandler.php(205): ErrorHandler::handleFatalError(4, 'syntax error, u...', 'C:\Program File...', 36)
#1 [internal function]: ErrorHandler::handleError(4, 'syntax error, u...', 'C:\Program File...', 36, Array)
#2 C:\Program Files (x86)\EasyPHP-DevServer-13.1VC11\data\localweb\projects\cakephp\lib\Cake\Core\App.php(931): call_user_func('ErrorHandler::h...', 4, 'syntax error, u...', 'C:\Program File...', 36, Array)
#3 C:\Program Files (x86)\EasyPHP-DevServer-13.1VC11\data\localweb\projects\cakephp\lib\Cake\Core\App.php(904): App::_checkFatalError()
#4 [internal function]: App::shutdown()
#5 {main}
2013-11-12 04:43:57 Error: [MissingPluginException] Plugin DebugKit could not be found.
Exception Attributes: array (
  'plugin' => 'DebugKit',
)
Stack Trace:
#0 C:\Program Files (x86)\EasyPHP-DevServer-13.1VC11\data\localweb\projects\cakephp\app\Config\bootstrap.php(110): CakePlugin::load('DebugKit')
#1 C:\Program Files (x86)\EasyPHP-DevServer-13.1VC11\data\localweb\projects\cakephp\lib\Cake\Core\Configure.php(92): include('C:\Program File...')
#2 C:\Program Files (x86)\EasyPHP-DevServer-13.1VC11\data\localweb\projects\cakephp\lib\Cake\bootstrap.php(177): Configure::bootstrap(true)
#3 C:\Program Files (x86)\EasyPHP-DevServer-13.1VC11\data\localweb\projects\cakephp\app\webroot\index.php(92): include('C:\Program File...')
#4 {main}
2013-11-12 05:33:50 Error: [MissingControllerException] Controller class PostsController could not be found.
Exception Attributes: array (
  'class' => 'PostsController',
  'plugin' => NULL,
)
Request URL: /projects/cakephp/posts
Stack Trace:
#0 C:\Program Files (x86)\EasyPHP-DevServer-13.1VC11\data\localweb\projects\cakephp\app\webroot\index.php(110): Dispatcher->dispatch(Object(CakeRequest), Object(CakeResponse))
#1 {main}
2013-11-12 05:34:17 Error: [MissingControllerException] Controller class CommentsController could not be found.
Exception Attributes: array (
  'class' => 'CommentsController',
  'plugin' => NULL,
)
Request URL: /projects/cakephp/comments
Stack Trace:
#0 C:\Program Files (x86)\EasyPHP-DevServer-13.1VC11\data\localweb\projects\cakephp\app\webroot\index.php(110): Dispatcher->dispatch(Object(CakeRequest), Object(CakeResponse))
#1 {main}
2013-11-12 05:34:40 Error: [MissingControllerException] Controller class CommentsController could not be found.
Exception Attributes: array (
  'class' => 'CommentsController',
  'plugin' => NULL,
)
Request URL: /projects/cakephp/comments
Stack Trace:
#0 C:\Program Files (x86)\EasyPHP-DevServer-13.1VC11\data\localweb\projects\cakephp\app\webroot\index.php(110): Dispatcher->dispatch(Object(CakeRequest), Object(CakeResponse))
#1 {main}
2013-11-12 05:34:51 Error: [MissingControllerException] Controller class PostsController could not be found.
Exception Attributes: array (
  'class' => 'PostsController',
  'plugin' => NULL,
)
Request URL: /projects/cakephp/posts
Stack Trace:
#0 C:\Program Files (x86)\EasyPHP-DevServer-13.1VC11\data\localweb\projects\cakephp\app\webroot\index.php(110): Dispatcher->dispatch(Object(CakeRequest), Object(CakeResponse))
#1 {main}
2013-11-12 05:41:15 Error: [MissingControllerException] Controller class CakeController could not be found.
Exception Attributes: array (
  'class' => 'CakeController',
  'plugin' => NULL,
)
Request URL: /projects/cakephp/cake
Stack Trace:
#0 C:\Program Files (x86)\EasyPHP-DevServer-13.1VC11\data\localweb\projects\cakephp\app\webroot\index.php(110): Dispatcher->dispatch(Object(CakeRequest), Object(CakeResponse))
#1 {main}
2013-11-12 05:42:57 Error: [MissingControllerException] Controller class LibController could not be found.
Exception Attributes: array (
  'class' => 'LibController',
  'plugin' => NULL,
)
Request URL: /projects/cakephp/lib/cake/
Stack Trace:
#0 C:\Program Files (x86)\EasyPHP-DevServer-13.1VC11\data\localweb\projects\cakephp\app\webroot\index.php(110): Dispatcher->dispatch(Object(CakeRequest), Object(CakeResponse))
#1 {main}
2013-11-12 05:56:26 Error: [MissingActionException] Action AppController::model() could not be found.
Exception Attributes: array (
  'controller' => 'AppController',
  'action' => 'model',
)
Request URL: /projects/cakephp/app/model/
Stack Trace:
#0 C:\Program Files (x86)\EasyPHP-DevServer-13.1VC11\data\localweb\projects\cakephp\lib\Cake\Routing\Dispatcher.php(187): Controller->invokeAction(Object(CakeRequest))
#1 C:\Program Files (x86)\EasyPHP-DevServer-13.1VC11\data\localweb\projects\cakephp\lib\Cake\Routing\Dispatcher.php(162): Dispatcher->_invoke(Object(AppController), Object(CakeRequest), Object(CakeResponse))
#2 C:\Program Files (x86)\EasyPHP-DevServer-13.1VC11\data\localweb\projects\cakephp\app\webroot\index.php(110): Dispatcher->dispatch(Object(CakeRequest), Object(CakeResponse))
#3 {main}
2013-11-12 05:56:35 Error: [MissingActionException] Action AppController::model() could not be found.
Exception Attributes: array (
  'controller' => 'AppController',
  'action' => 'model',
)
Request URL: /projects/cakephp/app/model/link.php
Stack Trace:
#0 C:\Program Files (x86)\EasyPHP-DevServer-13.1VC11\data\localweb\projects\cakephp\lib\Cake\Routing\Dispatcher.php(187): Controller->invokeAction(Object(CakeRequest))
#1 C:\Program Files (x86)\EasyPHP-DevServer-13.1VC11\data\localweb\projects\cakephp\lib\Cake\Routing\Dispatcher.php(162): Dispatcher->_invoke(Object(AppController), Object(CakeRequest), Object(CakeResponse))
#2 C:\Program Files (x86)\EasyPHP-DevServer-13.1VC11\data\localweb\projects\cakephp\app\webroot\index.php(110): Dispatcher->dispatch(Object(CakeRequest), Object(CakeResponse))
#3 {main}
2013-11-13 01:53:23 Error: [MissingActionException] Action AppController::model() could not be found.
Exception Attributes: array (
  'controller' => 'AppController',
  'action' => 'model',
)
Request URL: /projects/cakephp/app/model/post.php
Stack Trace:
#0 C:\Program Files (x86)\EasyPHP-DevServer-13.1VC11\data\localweb\projects\cakephp\lib\Cake\Routing\Dispatcher.php(187): Controller->invokeAction(Object(CakeRequest))
#1 C:\Program Files (x86)\EasyPHP-DevServer-13.1VC11\data\localweb\projects\cakephp\lib\Cake\Routing\Dispatcher.php(162): Dispatcher->_invoke(Object(AppController), Object(CakeRequest), Object(CakeResponse))
#2 C:\Program Files (x86)\EasyPHP-DevServer-13.1VC11\data\localweb\projects\cakephp\app\webroot\index.php(110): Dispatcher->dispatch(Object(CakeRequest), Object(CakeResponse))
#3 {main}
2013-11-13 01:55:06 Error: [MissingActionException] Action AppController::model() could not be found.
Exception Attributes: array (
  'controller' => 'AppController',
  'action' => 'model',
)
Request URL: /projects/cakephp/app/model/
Stack Trace:
#0 C:\Program Files (x86)\EasyPHP-DevServer-13.1VC11\data\localweb\projects\cakephp\lib\Cake\Routing\Dispatcher.php(187): Controller->invokeAction(Object(CakeRequest))
#1 C:\Program Files (x86)\EasyPHP-DevServer-13.1VC11\data\localweb\projects\cakephp\lib\Cake\Routing\Dispatcher.php(162): Dispatcher->_invoke(Object(AppController), Object(CakeRequest), Object(CakeResponse))
#2 C:\Program Files (x86)\EasyPHP-DevServer-13.1VC11\data\localweb\projects\cakephp\app\webroot\index.php(110): Dispatcher->dispatch(Object(CakeRequest), Object(CakeResponse))
#3 {main}
2013-11-13 01:55:10 Error: [MissingActionException] Action AppController::model() could not be found.
Exception Attributes: array (
  'controller' => 'AppController',
  'action' => 'model',
)
Request URL: /projects/cakephp/app/model/
Stack Trace:
#0 C:\Program Files (x86)\EasyPHP-DevServer-13.1VC11\data\localweb\projects\cakephp\lib\Cake\Routing\Dispatcher.php(187): Controller->invokeAction(Object(CakeRequest))
#1 C:\Program Files (x86)\EasyPHP-DevServer-13.1VC11\data\localweb\projects\cakephp\lib\Cake\Routing\Dispatcher.php(162): Dispatcher->_invoke(Object(AppController), Object(CakeRequest), Object(CakeResponse))
#2 C:\Program Files (x86)\EasyPHP-DevServer-13.1VC11\data\localweb\projects\cakephp\app\webroot\index.php(110): Dispatcher->dispatch(Object(CakeRequest), Object(CakeResponse))
#3 {main}
2013-11-13 01:56:17 Error: [MissingActionException] Action AppController::model() could not be found.
Exception Attributes: array (
  'controller' => 'AppController',
  'action' => 'model',
)
Request URL: /projects/cakephp/app/model/
Stack Trace:
#0 C:\Program Files (x86)\EasyPHP-DevServer-13.1VC11\data\localweb\projects\cakephp\lib\Cake\Routing\Dispatcher.php(187): Controller->invokeAction(Object(CakeRequest))
#1 C:\Program Files (x86)\EasyPHP-DevServer-13.1VC11\data\localweb\projects\cakephp\lib\Cake\Routing\Dispatcher.php(162): Dispatcher->_invoke(Object(AppController), Object(CakeRequest), Object(CakeResponse))
#2 C:\Program Files (x86)\EasyPHP-DevServer-13.1VC11\data\localweb\projects\cakephp\app\webroot\index.php(110): Dispatcher->dispatch(Object(CakeRequest), Object(CakeResponse))
#3 {main}
2013-11-13 01:56:24 Error: [MissingActionException] Action AppController::model() could not be found.
Exception Attributes: array (
  'controller' => 'AppController',
  'action' => 'model',
)
Request URL: /projects/cakephp/app/model/post.php
Stack Trace:
#0 C:\Program Files (x86)\EasyPHP-DevServer-13.1VC11\data\localweb\projects\cakephp\lib\Cake\Routing\Dispatcher.php(187): Controller->invokeAction(Object(CakeRequest))
#1 C:\Program Files (x86)\EasyPHP-DevServer-13.1VC11\data\localweb\projects\cakephp\lib\Cake\Routing\Dispatcher.php(162): Dispatcher->_invoke(Object(AppController), Object(CakeRequest), Object(CakeResponse))
#2 C:\Program Files (x86)\EasyPHP-DevServer-13.1VC11\data\localweb\projects\cakephp\app\webroot\index.php(110): Dispatcher->dispatch(Object(CakeRequest), Object(CakeResponse))
#3 {main}
2013-11-13 01:56:40 Error: [MissingActionException] Action AppController::model() could not be found.
Exception Attributes: array (
  'controller' => 'AppController',
  'action' => 'model',
)
Request URL: /projects/cakephp/app/model/Post.php
Stack Trace:
#0 C:\Program Files (x86)\EasyPHP-DevServer-13.1VC11\data\localweb\projects\cakephp\lib\Cake\Routing\Dispatcher.php(187): Controller->invokeAction(Object(CakeRequest))
#1 C:\Program Files (x86)\EasyPHP-DevServer-13.1VC11\data\localweb\projects\cakephp\lib\Cake\Routing\Dispatcher.php(162): Dispatcher->_invoke(Object(AppController), Object(CakeRequest), Object(CakeResponse))
#2 C:\Program Files (x86)\EasyPHP-DevServer-13.1VC11\data\localweb\projects\cakephp\app\webroot\index.php(110): Dispatcher->dispatch(Object(CakeRequest), Object(CakeResponse))
#3 {main}
2013-11-13 01:56:52 Error: [MissingActionException] Action AppController::model() could not be found.
Exception Attributes: array (
  'controller' => 'AppController',
  'action' => 'model',
)
Request URL: /projects/cakephp/app/model/Post.php
Stack Trace:
#0 C:\Program Files (x86)\EasyPHP-DevServer-13.1VC11\data\localweb\projects\cakephp\lib\Cake\Routing\Dispatcher.php(187): Controller->invokeAction(Object(CakeRequest))
#1 C:\Program Files (x86)\EasyPHP-DevServer-13.1VC11\data\localweb\projects\cakephp\lib\Cake\Routing\Dispatcher.php(162): Dispatcher->_invoke(Object(AppController), Object(CakeRequest), Object(CakeResponse))
#2 C:\Program Files (x86)\EasyPHP-DevServer-13.1VC11\data\localweb\projects\cakephp\app\webroot\index.php(110): Dispatcher->dispatch(Object(CakeRequest), Object(CakeResponse))
#3 {main}
2013-11-13 03:02:01 Error: [MissingActionException] Action AppController::model() could not be found.
Exception Attributes: array (
  'controller' => 'AppController',
  'action' => 'model',
)
Request URL: /projects/cakephp/app/model/
Stack Trace:
#0 C:\Program Files (x86)\EasyPHP-DevServer-13.1VC11\data\localweb\projects\cakephp\lib\Cake\Routing\Dispatcher.php(187): Controller->invokeAction(Object(CakeRequest))
#1 C:\Program Files (x86)\EasyPHP-DevServer-13.1VC11\data\localweb\projects\cakephp\lib\Cake\Routing\Dispatcher.php(162): Dispatcher->_invoke(Object(AppController), Object(CakeRequest), Object(CakeResponse))
#2 C:\Program Files (x86)\EasyPHP-DevServer-13.1VC11\data\localweb\projects\cakephp\app\webroot\index.php(110): Dispatcher->dispatch(Object(CakeRequest), Object(CakeResponse))
#3 {main}
2013-11-13 03:10:57 Error: [MissingActionException] Action AppController::model() could not be found.
Exception Attributes: array (
  'controller' => 'AppController',
  'action' => 'model',
)
Request URL: /projects/cakephp/app/model/
Stack Trace:
#0 C:\Program Files (x86)\EasyPHP-DevServer-13.1VC11\data\localweb\projects\cakephp\lib\Cake\Routing\Dispatcher.php(187): Controller->invokeAction(Object(CakeRequest))
#1 C:\Program Files (x86)\EasyPHP-DevServer-13.1VC11\data\localweb\projects\cakephp\lib\Cake\Routing\Dispatcher.php(162): Dispatcher->_invoke(Object(AppController), Object(CakeRequest), Object(CakeResponse))
#2 C:\Program Files (x86)\EasyPHP-DevServer-13.1VC11\data\localweb\projects\cakephp\app\webroot\index.php(110): Dispatcher->dispatch(Object(CakeRequest), Object(CakeResponse))
#3 {main}
2013-11-13 03:38:10 Error: [MissingControllerException] Controller class TareasController could not be found.
Exception Attributes: array (
  'class' => 'TareasController',
  'plugin' => NULL,
)
Request URL: /projects/cakephp/tareas/index
Stack Trace:
#0 C:\Program Files (x86)\EasyPHP-DevServer-13.1VC11\data\localweb\projects\cakephp\app\webroot\index.php(110): Dispatcher->dispatch(Object(CakeRequest), Object(CakeResponse))
#1 {main}
2013-11-13 03:38:55 Error: [MissingControllerException] Controller class ProyectoController could not be found.
Exception Attributes: array (
  'class' => 'ProyectoController',
  'plugin' => NULL,
)
Request URL: /projects/cakephp/proyecto/index
Stack Trace:
#0 C:\Program Files (x86)\EasyPHP-DevServer-13.1VC11\data\localweb\projects\cakephp\app\webroot\index.php(110): Dispatcher->dispatch(Object(CakeRequest), Object(CakeResponse))
#1 {main}
2013-11-13 03:38:59 Error: [MissingControllerException] Controller class ProyectosController could not be found.
Exception Attributes: array (
  'class' => 'ProyectosController',
  'plugin' => NULL,
)
Request URL: /projects/cakephp/proyectos/index
Stack Trace:
#0 C:\Program Files (x86)\EasyPHP-DevServer-13.1VC11\data\localweb\projects\cakephp\app\webroot\index.php(110): Dispatcher->dispatch(Object(CakeRequest), Object(CakeResponse))
#1 {main}
2013-11-13 03:44:42 Error: [MissingActionException] Action AppController::view() could not be found.
Exception Attributes: array (
  'controller' => 'AppController',
  'action' => 'view',
)
Request URL: /projects/cakephp/app/view/proyectos/index
Stack Trace:
#0 C:\Program Files (x86)\EasyPHP-DevServer-13.1VC11\data\localweb\projects\cakephp\lib\Cake\Routing\Dispatcher.php(187): Controller->invokeAction(Object(CakeRequest))
#1 C:\Program Files (x86)\EasyPHP-DevServer-13.1VC11\data\localweb\projects\cakephp\lib\Cake\Routing\Dispatcher.php(162): Dispatcher->_invoke(Object(AppController), Object(CakeRequest), Object(CakeResponse))
#2 C:\Program Files (x86)\EasyPHP-DevServer-13.1VC11\data\localweb\projects\cakephp\app\webroot\index.php(110): Dispatcher->dispatch(Object(CakeRequest), Object(CakeResponse))
#3 {main}
2013-11-13 03:45:03 Error: [MissingActionException] Action AppController::View() could not be found.
Exception Attributes: array (
  'controller' => 'AppController',
  'action' => 'View',
)
Request URL: /projects/cakephp/app/View/proyectos/index
Stack Trace:
#0 C:\Program Files (x86)\EasyPHP-DevServer-13.1VC11\data\localweb\projects\cakephp\lib\Cake\Routing\Dispatcher.php(187): Controller->invokeAction(Object(CakeRequest))
#1 C:\Program Files (x86)\EasyPHP-DevServer-13.1VC11\data\localweb\projects\cakephp\lib\Cake\Routing\Dispatcher.php(162): Dispatcher->_invoke(Object(AppController), Object(CakeRequest), Object(CakeResponse))
#2 C:\Program Files (x86)\EasyPHP-DevServer-13.1VC11\data\localweb\projects\cakephp\app\webroot\index.php(110): Dispatcher->dispatch(Object(CakeRequest), Object(CakeResponse))
#3 {main}
2013-11-13 03:45:05 Error: [MissingActionException] Action AppController::View() could not be found.
Exception Attributes: array (
  'controller' => 'AppController',
  'action' => 'View',
)
Request URL: /projects/cakephp/app/View/proyectos/index
Stack Trace:
#0 C:\Program Files (x86)\EasyPHP-DevServer-13.1VC11\data\localweb\projects\cakephp\lib\Cake\Routing\Dispatcher.php(187): Controller->invokeAction(Object(CakeRequest))
#1 C:\Program Files (x86)\EasyPHP-DevServer-13.1VC11\data\localweb\projects\cakephp\lib\Cake\Routing\Dispatcher.php(162): Dispatcher->_invoke(Object(AppController), Object(CakeRequest), Object(CakeResponse))
#2 C:\Program Files (x86)\EasyPHP-DevServer-13.1VC11\data\localweb\projects\cakephp\app\webroot\index.php(110): Dispatcher->dispatch(Object(CakeRequest), Object(CakeResponse))
#3 {main}
2013-11-13 03:45:08 Error: [MissingActionException] Action AppController::View() could not be found.
Exception Attributes: array (
  'controller' => 'AppController',
  'action' => 'View',
)
Request URL: /projects/cakephp/app/View/proyectos/
Stack Trace:
#0 C:\Program Files (x86)\EasyPHP-DevServer-13.1VC11\data\localweb\projects\cakephp\lib\Cake\Routing\Dispatcher.php(187): Controller->invokeAction(Object(CakeRequest))
#1 C:\Program Files (x86)\EasyPHP-DevServer-13.1VC11\data\localweb\projects\cakephp\lib\Cake\Routing\Dispatcher.php(162): Dispatcher->_invoke(Object(AppController), Object(CakeRequest), Object(CakeResponse))
#2 C:\Program Files (x86)\EasyPHP-DevServer-13.1VC11\data\localweb\projects\cakephp\app\webroot\index.php(110): Dispatcher->dispatch(Object(CakeRequest), Object(CakeResponse))
#3 {main}
2013-11-13 03:45:11 Error: [MissingActionException] Action AppController::View() could not be found.
Exception Attributes: array (
  'controller' => 'AppController',
  'action' => 'View',
)
Request URL: /projects/cakephp/app/View/
Stack Trace:
#0 C:\Program Files (x86)\EasyPHP-DevServer-13.1VC11\data\localweb\projects\cakephp\lib\Cake\Routing\Dispatcher.php(187): Controller->invokeAction(Object(CakeRequest))
#1 C:\Program Files (x86)\EasyPHP-DevServer-13.1VC11\data\localweb\projects\cakephp\lib\Cake\Routing\Dispatcher.php(162): Dispatcher->_invoke(Object(AppController), Object(CakeRequest), Object(CakeResponse))
#2 C:\Program Files (x86)\EasyPHP-DevServer-13.1VC11\data\localweb\projects\cakephp\app\webroot\index.php(110): Dispatcher->dispatch(Object(CakeRequest), Object(CakeResponse))
#3 {main}
2013-11-13 03:45:24 Error: [MissingControllerException] Controller class ProyectoController could not be found.
Exception Attributes: array (
  'class' => 'ProyectoController',
  'plugin' => NULL,
)
Request URL: /projects/cakephp/proyecto/index
Stack Trace:
#0 C:\Program Files (x86)\EasyPHP-DevServer-13.1VC11\data\localweb\projects\cakephp\app\webroot\index.php(110): Dispatcher->dispatch(Object(CakeRequest), Object(CakeResponse))
#1 {main}
2013-11-13 03:45:27 Error: [MissingControllerException] Controller class ProyectosController could not be found.
Exception Attributes: array (
  'class' => 'ProyectosController',
  'plugin' => NULL,
)
Request URL: /projects/cakephp/proyectos/index
Stack Trace:
#0 C:\Program Files (x86)\EasyPHP-DevServer-13.1VC11\data\localweb\projects\cakephp\app\webroot\index.php(110): Dispatcher->dispatch(Object(CakeRequest), Object(CakeResponse))
#1 {main}
2013-11-13 03:45:34 Error: [MissingControllerException] Controller class ProyectoController could not be found.
Exception Attributes: array (
  'class' => 'ProyectoController',
  'plugin' => NULL,
)
Request URL: /projects/cakephp/proyecto/index
Stack Trace:
#0 C:\Program Files (x86)\EasyPHP-DevServer-13.1VC11\data\localweb\projects\cakephp\app\webroot\index.php(110): Dispatcher->dispatch(Object(CakeRequest), Object(CakeResponse))
#1 {main}
2013-11-13 03:56:20 Error: [MissingControllerException] Controller class ProyectoController could not be found.
Exception Attributes: array (
  'class' => 'ProyectoController',
  'plugin' => NULL,
)
Request URL: /projects/cakephp/proyecto/index
Stack Trace:
#0 C:\Program Files (x86)\EasyPHP-DevServer-13.1VC11\data\localweb\projects\cakephp\app\webroot\index.php(110): Dispatcher->dispatch(Object(CakeRequest), Object(CakeResponse))
#1 {main}
2013-11-13 03:56:36 Error: [MissingControllerException] Controller class ProyectoController could not be found.
Exception Attributes: array (
  'class' => 'ProyectoController',
  'plugin' => NULL,
)
Request URL: /projects/cakephp/proyecto/index
Stack Trace:
#0 C:\Program Files (x86)\EasyPHP-DevServer-13.1VC11\data\localweb\projects\cakephp\app\webroot\index.php(110): Dispatcher->dispatch(Object(CakeRequest), Object(CakeResponse))
#1 {main}
2013-11-13 03:57:04 Error: [MissingControllerException] Controller class ProyectoController could not be found.
Exception Attributes: array (
  'class' => 'ProyectoController',
  'plugin' => NULL,
)
Request URL: /projects/cakephp/proyecto/index
Stack Trace:
#0 C:\Program Files (x86)\EasyPHP-DevServer-13.1VC11\data\localweb\projects\cakephp\app\webroot\index.php(110): Dispatcher->dispatch(Object(CakeRequest), Object(CakeResponse))
#1 {main}
2013-11-13 03:57:18 Error: [MissingControllerException] Controller class ProyectosController could not be found.
Exception Attributes: array (
  'class' => 'ProyectosController',
  'plugin' => NULL,
)
Request URL: /projects/cakephp/proyectos/index
Stack Trace:
#0 C:\Program Files (x86)\EasyPHP-DevServer-13.1VC11\data\localweb\projects\cakephp\app\webroot\index.php(110): Dispatcher->dispatch(Object(CakeRequest), Object(CakeResponse))
#1 {main}
2013-11-13 04:00:06 Error: [MissingControllerException] Controller class ProyectosController could not be found.
Exception Attributes: array (
  'class' => 'ProyectosController',
  'plugin' => NULL,
)
Request URL: /projects/cakephp/proyectos/index
Stack Trace:
#0 C:\Program Files (x86)\EasyPHP-DevServer-13.1VC11\data\localweb\projects\cakephp\app\webroot\index.php(110): Dispatcher->dispatch(Object(CakeRequest), Object(CakeResponse))
#1 {main}
2013-11-13 04:00:21 Error: [MissingControllerException] Controller class ProyectosController could not be found.
Exception Attributes: array (
  'class' => 'ProyectosController',
  'plugin' => NULL,
)
Request URL: /projects/cakephp/Proyectos/index
Stack Trace:
#0 C:\Program Files (x86)\EasyPHP-DevServer-13.1VC11\data\localweb\projects\cakephp\app\webroot\index.php(110): Dispatcher->dispatch(Object(CakeRequest), Object(CakeResponse))
#1 {main}
2013-11-13 04:00:43 Error: [MissingControllerException] Controller class ProyectosController could not be found.
Exception Attributes: array (
  'class' => 'ProyectosController',
  'plugin' => NULL,
)
Request URL: /projects/cakephp/Proyectos/index
Stack Trace:
#0 C:\Program Files (x86)\EasyPHP-DevServer-13.1VC11\data\localweb\projects\cakephp\app\webroot\index.php(110): Dispatcher->dispatch(Object(CakeRequest), Object(CakeResponse))
#1 {main}
2013-11-13 04:01:04 Error: [MissingControllerException] Controller class ProyectosController could not be found.
Exception Attributes: array (
  'class' => 'ProyectosController',
  'plugin' => NULL,
)
Request URL: /projects/cakephp/Proyectos/index
Stack Trace:
#0 C:\Program Files (x86)\EasyPHP-DevServer-13.1VC11\data\localweb\projects\cakephp\app\webroot\index.php(110): Dispatcher->dispatch(Object(CakeRequest), Object(CakeResponse))
#1 {main}
2013-11-13 04:04:14 Error: [MissingControllerException] Controller class ProyectosController could not be found.
Exception Attributes: array (
  'class' => 'ProyectosController',
  'plugin' => NULL,
)
Request URL: /projects/cakephp/Proyectos/listado
Stack Trace:
#0 C:\Program Files (x86)\EasyPHP-DevServer-13.1VC11\data\localweb\projects\cakephp\app\webroot\index.php(110): Dispatcher->dispatch(Object(CakeRequest), Object(CakeResponse))
#1 {main}
2013-11-13 04:05:10 Error: [MissingControllerException] Controller class ProyectosController could not be found.
Exception Attributes: array (
  'class' => 'ProyectosController',
  'plugin' => NULL,
)
Request URL: /projects/cakephp/Proyectos/listado
Stack Trace:
#0 C:\Program Files (x86)\EasyPHP-DevServer-13.1VC11\data\localweb\projects\cakephp\app\webroot\index.php(110): Dispatcher->dispatch(Object(CakeRequest), Object(CakeResponse))
#1 {main}
2013-11-13 04:08:31 Error: [MissingControllerException] Controller class ProyectosController could not be found.
Exception Attributes: array (
  'class' => 'ProyectosController',
  'plugin' => NULL,
)
Request URL: /projects/cakephp/Proyectos/listado
Stack Trace:
#0 C:\Program Files (x86)\EasyPHP-DevServer-13.1VC11\data\localweb\projects\cakephp\app\webroot\index.php(110): Dispatcher->dispatch(Object(CakeRequest), Object(CakeResponse))
#1 {main}
2013-11-13 04:11:35 Error: [MissingControllerException] Controller class ProyectosController could not be found.
Exception Attributes: array (
  'class' => 'ProyectosController',
  'plugin' => NULL,
)
Request URL: /projects/cakephp/Proyectos/listado
Stack Trace:
#0 C:\Program Files (x86)\EasyPHP-DevServer-13.1VC11\data\localweb\projects\cakephp\app\webroot\index.php(110): Dispatcher->dispatch(Object(CakeRequest), Object(CakeResponse))
#1 {main}
2013-11-13 04:14:28 Error: [MissingControllerException] Controller class ProyectosController could not be found.
Exception Attributes: array (
  'class' => 'ProyectosController',
  'plugin' => NULL,
)
Request URL: /projects/cakephp/Proyectos/listado
Stack Trace:
#0 C:\Program Files (x86)\EasyPHP-DevServer-13.1VC11\data\localweb\projects\cakephp\app\webroot\index.php(110): Dispatcher->dispatch(Object(CakeRequest), Object(CakeResponse))
#1 {main}
2013-11-13 04:14:33 Error: [MissingControllerException] Controller class ProyectosController could not be found.
Exception Attributes: array (
  'class' => 'ProyectosController',
  'plugin' => NULL,
)
Request URL: /projects/cakephp/Proyectos/
Stack Trace:
#0 C:\Program Files (x86)\EasyPHP-DevServer-13.1VC11\data\localweb\projects\cakephp\app\webroot\index.php(110): Dispatcher->dispatch(Object(CakeRequest), Object(CakeResponse))
#1 {main}
2013-11-13 04:36:45 Error: [MissingControllerException] Controller class PagesController could not be found.
Exception Attributes: array (
  'class' => 'PagesController',
  'plugin' => NULL,
)
Request URL: /projects/cakephp/
Stack Trace:
#0 C:\Program Files (x86)\EasyPHP-DevServer-13.1VC11\data\localweb\projects\cakephp\app\webroot\index.php(110): Dispatcher->dispatch(Object(CakeRequest), Object(CakeResponse))
#1 {main}
2013-11-13 04:36:52 Error: [MissingControllerException] Controller class PagesController could not be found.
Exception Attributes: array (
  'class' => 'PagesController',
  'plugin' => NULL,
)
Request URL: /projects/cakephp/
Stack Trace:
#0 C:\Program Files (x86)\EasyPHP-DevServer-13.1VC11\data\localweb\projects\cakephp\app\webroot\index.php(110): Dispatcher->dispatch(Object(CakeRequest), Object(CakeResponse))
#1 {main}
2013-11-13 04:38:01 Error: [MissingControllerException] Controller class PostsController could not be found.
Exception Attributes: array (
  'class' => 'PostsController',
  'plugin' => NULL,
)
Request URL: /projects/cakephp/posts
Stack Trace:
#0 C:\Program Files (x86)\EasyPHP-DevServer-13.1VC11\data\localweb\projects\cakephp\app\webroot\index.php(110): Dispatcher->dispatch(Object(CakeRequest), Object(CakeResponse))
#1 {main}
2013-11-13 04:38:40 Error: [MissingTableException] Table posts for model Post was not found in datasource default.
Exception Attributes: array (
  'table' => 'posts',
  'class' => 'Post',
  'ds' => 'default',
)
Request URL: /projects/cakephp/posts
Stack Trace:
#0 C:\Program Files (x86)\EasyPHP-DevServer-13.1VC11\data\localweb\projects\cakephp\lib\Cake\Model\Model.php(3476): Model->setSource('posts')
#1 C:\Program Files (x86)\EasyPHP-DevServer-13.1VC11\data\localweb\projects\cakephp\lib\Cake\Model\Model.php(1350): Model->getDataSource()
#2 C:\Program Files (x86)\EasyPHP-DevServer-13.1VC11\data\localweb\projects\cakephp\lib\Cake\Model\Model.php(1442): Model->schema()
#3 C:\Program Files (x86)\EasyPHP-DevServer-13.1VC11\data\localweb\projects\cakephp\lib\Cake\Model\Model.php(1429): Model->hasField('title', false)
#4 C:\Program Files (x86)\EasyPHP-DevServer-13.1VC11\data\localweb\projects\cakephp\lib\Cake\Model\Model.php(881): Model->hasField(Array)
#5 C:\Program Files (x86)\EasyPHP-DevServer-13.1VC11\data\localweb\projects\cakephp\lib\Cake\Controller\Scaffold.php(133): Model->__get('displayField')
#6 C:\Program Files (x86)\EasyPHP-DevServer-13.1VC11\data\localweb\projects\cakephp\lib\Cake\Controller\Controller.php(535): Scaffold->__construct(Object(PostsController), Object(CakeRequest))
#7 C:\Program Files (x86)\EasyPHP-DevServer-13.1VC11\data\localweb\projects\cakephp\lib\Cake\Controller\Controller.php(494): Controller->_getScaffold(Object(CakeRequest))
#8 C:\Program Files (x86)\EasyPHP-DevServer-13.1VC11\data\localweb\projects\cakephp\lib\Cake\Routing\Dispatcher.php(187): Controller->invokeAction(Object(CakeRequest))
#9 C:\Program Files (x86)\EasyPHP-DevServer-13.1VC11\data\localweb\projects\cakephp\lib\Cake\Routing\Dispatcher.php(162): Dispatcher->_invoke(Object(PostsController), Object(CakeRequest), Object(CakeResponse))
#10 C:\Program Files (x86)\EasyPHP-DevServer-13.1VC11\data\localweb\projects\cakephp\app\webroot\index.php(110): Dispatcher->dispatch(Object(CakeRequest), Object(CakeResponse))
#11 {main}
2013-11-13 04:39:05 Error: [MissingTableException] Table posts for model Post was not found in datasource default.
Exception Attributes: array (
  'table' => 'posts',
  'class' => 'Post',
  'ds' => 'default',
)
Request URL: /projects/cakephp/posts
Stack Trace:
#0 C:\Program Files (x86)\EasyPHP-DevServer-13.1VC11\data\localweb\projects\cakephp\lib\Cake\Model\Model.php(3476): Model->setSource('posts')
#1 C:\Program Files (x86)\EasyPHP-DevServer-13.1VC11\data\localweb\projects\cakephp\lib\Cake\Model\Model.php(1350): Model->getDataSource()
#2 C:\Program Files (x86)\EasyPHP-DevServer-13.1VC11\data\localweb\projects\cakephp\lib\Cake\Model\Model.php(1442): Model->schema()
#3 C:\Program Files (x86)\EasyPHP-DevServer-13.1VC11\data\localweb\projects\cakephp\lib\Cake\Model\Model.php(1429): Model->hasField('title', false)
#4 C:\Program Files (x86)\EasyPHP-DevServer-13.1VC11\data\localweb\projects\cakephp\lib\Cake\Model\Model.php(881): Model->hasField(Array)
#5 C:\Program Files (x86)\EasyPHP-DevServer-13.1VC11\data\localweb\projects\cakephp\lib\Cake\Controller\Scaffold.php(133): Model->__get('displayField')
#6 C:\Program Files (x86)\EasyPHP-DevServer-13.1VC11\data\localweb\projects\cakephp\lib\Cake\Controller\Controller.php(535): Scaffold->__construct(Object(PostsController), Object(CakeRequest))
#7 C:\Program Files (x86)\EasyPHP-DevServer-13.1VC11\data\localweb\projects\cakephp\lib\Cake\Controller\Controller.php(494): Controller->_getScaffold(Object(CakeRequest))
#8 C:\Program Files (x86)\EasyPHP-DevServer-13.1VC11\data\localweb\projects\cakephp\lib\Cake\Routing\Dispatcher.php(187): Controller->invokeAction(Object(CakeRequest))
#9 C:\Program Files (x86)\EasyPHP-DevServer-13.1VC11\data\localweb\projects\cakephp\lib\Cake\Routing\Dispatcher.php(162): Dispatcher->_invoke(Object(PostsController), Object(CakeRequest), Object(CakeResponse))
#10 C:\Program Files (x86)\EasyPHP-DevServer-13.1VC11\data\localweb\projects\cakephp\app\webroot\index.php(110): Dispatcher->dispatch(Object(CakeRequest), Object(CakeResponse))
#11 {main}
2013-11-13 04:40:34 Error: [MissingTableException] Table posts for model Post was not found in datasource default.
Exception Attributes: array (
  'table' => 'posts',
  'class' => 'Post',
  'ds' => 'default',
)
Request URL: /projects/cakephp/posts
Stack Trace:
#0 C:\Program Files (x86)\EasyPHP-DevServer-13.1VC11\data\localweb\projects\cakephp\lib\Cake\Model\Model.php(3476): Model->setSource('posts')
#1 C:\Program Files (x86)\EasyPHP-DevServer-13.1VC11\data\localweb\projects\cakephp\lib\Cake\Model\Model.php(1350): Model->getDataSource()
#2 C:\Program Files (x86)\EasyPHP-DevServer-13.1VC11\data\localweb\projects\cakephp\lib\Cake\Model\Model.php(1442): Model->schema()
#3 C:\Program Files (x86)\EasyPHP-DevServer-13.1VC11\data\localweb\projects\cakephp\lib\Cake\Model\Model.php(1429): Model->hasField('title', false)
#4 C:\Program Files (x86)\EasyPHP-DevServer-13.1VC11\data\localweb\projects\cakephp\lib\Cake\Model\Model.php(881): Model->hasField(Array)
#5 C:\Program Files (x86)\EasyPHP-DevServer-13.1VC11\data\localweb\projects\cakephp\lib\Cake\Controller\Scaffold.php(133): Model->__get('displayField')
#6 C:\Program Files (x86)\EasyPHP-DevServer-13.1VC11\data\localweb\projects\cakephp\lib\Cake\Controller\Controller.php(535): Scaffold->__construct(Object(PostsController), Object(CakeRequest))
#7 C:\Program Files (x86)\EasyPHP-DevServer-13.1VC11\data\localweb\projects\cakephp\lib\Cake\Controller\Controller.php(494): Controller->_getScaffold(Object(CakeRequest))
#8 C:\Program Files (x86)\EasyPHP-DevServer-13.1VC11\data\localweb\projects\cakephp\lib\Cake\Routing\Dispatcher.php(187): Controller->invokeAction(Object(CakeRequest))
#9 C:\Program Files (x86)\EasyPHP-DevServer-13.1VC11\data\localweb\projects\cakephp\lib\Cake\Routing\Dispatcher.php(162): Dispatcher->_invoke(Object(PostsController), Object(CakeRequest), Object(CakeResponse))
#10 C:\Program Files (x86)\EasyPHP-DevServer-13.1VC11\data\localweb\projects\cakephp\app\webroot\index.php(110): Dispatcher->dispatch(Object(CakeRequest), Object(CakeResponse))
#11 {main}
2013-11-13 04:44:09 Error: [MissingTableException] Table posts for model Post was not found in datasource default.
Exception Attributes: array (
  'table' => 'posts',
  'class' => 'Post',
  'ds' => 'default',
)
Request URL: /projects/cakephp/posts
Stack Trace:
#0 C:\Program Files (x86)\EasyPHP-DevServer-13.1VC11\data\localweb\projects\cakephp\lib\Cake\Model\Model.php(3476): Model->setSource('posts')
#1 C:\Program Files (x86)\EasyPHP-DevServer-13.1VC11\data\localweb\projects\cakephp\lib\Cake\Model\Model.php(1350): Model->getDataSource()
#2 C:\Program Files (x86)\EasyPHP-DevServer-13.1VC11\data\localweb\projects\cakephp\lib\Cake\Model\Model.php(1442): Model->schema()
#3 C:\Program Files (x86)\EasyPHP-DevServer-13.1VC11\data\localweb\projects\cakephp\lib\Cake\Model\Model.php(1429): Model->hasField('title', false)
#4 C:\Program Files (x86)\EasyPHP-DevServer-13.1VC11\data\localweb\projects\cakephp\lib\Cake\Model\Model.php(881): Model->hasField(Array)
#5 C:\Program Files (x86)\EasyPHP-DevServer-13.1VC11\data\localweb\projects\cakephp\lib\Cake\Controller\Scaffold.php(133): Model->__get('displayField')
#6 C:\Program Files (x86)\EasyPHP-DevServer-13.1VC11\data\localweb\projects\cakephp\lib\Cake\Controller\Controller.php(535): Scaffold->__construct(Object(PostsController), Object(CakeRequest))
#7 C:\Program Files (x86)\EasyPHP-DevServer-13.1VC11\data\localweb\projects\cakephp\lib\Cake\Controller\Controller.php(494): Controller->_getScaffold(Object(CakeRequest))
#8 C:\Program Files (x86)\EasyPHP-DevServer-13.1VC11\data\localweb\projects\cakephp\lib\Cake\Routing\Dispatcher.php(187): Controller->invokeAction(Object(CakeRequest))
#9 C:\Program Files (x86)\EasyPHP-DevServer-13.1VC11\data\localweb\projects\cakephp\lib\Cake\Routing\Dispatcher.php(162): Dispatcher->_invoke(Object(PostsController), Object(CakeRequest), Object(CakeResponse))
#10 C:\Program Files (x86)\EasyPHP-DevServer-13.1VC11\data\localweb\projects\cakephp\app\webroot\index.php(110): Dispatcher->dispatch(Object(CakeRequest), Object(CakeResponse))
#11 {main}
2013-11-13 04:44:11 Error: [MissingTableException] Table posts for model Post was not found in datasource default.
Exception Attributes: array (
  'table' => 'posts',
  'class' => 'Post',
  'ds' => 'default',
)
Request URL: /projects/cakephp/posts
Stack Trace:
#0 C:\Program Files (x86)\EasyPHP-DevServer-13.1VC11\data\localweb\projects\cakephp\lib\Cake\Model\Model.php(3476): Model->setSource('posts')
#1 C:\Program Files (x86)\EasyPHP-DevServer-13.1VC11\data\localweb\projects\cakephp\lib\Cake\Model\Model.php(1350): Model->getDataSource()
#2 C:\Program Files (x86)\EasyPHP-DevServer-13.1VC11\data\localweb\projects\cakephp\lib\Cake\Model\Model.php(1442): Model->schema()
#3 C:\Program Files (x86)\EasyPHP-DevServer-13.1VC11\data\localweb\projects\cakephp\lib\Cake\Model\Model.php(1429): Model->hasField('title', false)
#4 C:\Program Files (x86)\EasyPHP-DevServer-13.1VC11\data\localweb\projects\cakephp\lib\Cake\Model\Model.php(881): Model->hasField(Array)
#5 C:\Program Files (x86)\EasyPHP-DevServer-13.1VC11\data\localweb\projects\cakephp\lib\Cake\Controller\Scaffold.php(133): Model->__get('displayField')
#6 C:\Program Files (x86)\EasyPHP-DevServer-13.1VC11\data\localweb\projects\cakephp\lib\Cake\Controller\Controller.php(535): Scaffold->__construct(Object(PostsController), Object(CakeRequest))
#7 C:\Program Files (x86)\EasyPHP-DevServer-13.1VC11\data\localweb\projects\cakephp\lib\Cake\Controller\Controller.php(494): Controller->_getScaffold(Object(CakeRequest))
#8 C:\Program Files (x86)\EasyPHP-DevServer-13.1VC11\data\localweb\projects\cakephp\lib\Cake\Routing\Dispatcher.php(187): Controller->invokeAction(Object(CakeRequest))
#9 C:\Program Files (x86)\EasyPHP-DevServer-13.1VC11\data\localweb\projects\cakephp\lib\Cake\Routing\Dispatcher.php(162): Dispatcher->_invoke(Object(PostsController), Object(CakeRequest), Object(CakeResponse))
#10 C:\Program Files (x86)\EasyPHP-DevServer-13.1VC11\data\localweb\projects\cakephp\app\webroot\index.php(110): Dispatcher->dispatch(Object(CakeRequest), Object(CakeResponse))
#11 {main}
2013-11-13 05:07:33 Error: [MissingTableException] Table posts for model Post was not found in datasource default.
Exception Attributes: array (
  'table' => 'posts',
  'class' => 'Post',
  'ds' => 'default',
)
Request URL: /projects/cakephp/posts
Stack Trace:
#0 C:\Program Files (x86)\EasyPHP-DevServer-13.1VC11\data\localweb\projects\cakephp\lib\Cake\Model\Model.php(3476): Model->setSource('posts')
#1 C:\Program Files (x86)\EasyPHP-DevServer-13.1VC11\data\localweb\projects\cakephp\lib\Cake\Model\Model.php(2880): Model->getDataSource()
#2 C:\Program Files (x86)\EasyPHP-DevServer-13.1VC11\data\localweb\projects\cakephp\lib\Cake\Model\Model.php(2852): Model->_readDataSource('all', Array)
#3 C:\Program Files (x86)\EasyPHP-DevServer-13.1VC11\data\localweb\projects\cakephp\lib\Cake\Controller\Component\PaginatorComponent.php(198): Model->find('all', Array)
#4 C:\Program Files (x86)\EasyPHP-DevServer-13.1VC11\data\localweb\projects\cakephp\app\Controller\PostsController.php(25): PaginatorComponent->paginate()
#5 [internal function]: PostsController->index()
#6 C:\Program Files (x86)\EasyPHP-DevServer-13.1VC11\data\localweb\projects\cakephp\lib\Cake\Controller\Controller.php(490): ReflectionMethod->invokeArgs(Object(PostsController), Array)
#7 C:\Program Files (x86)\EasyPHP-DevServer-13.1VC11\data\localweb\projects\cakephp\lib\Cake\Routing\Dispatcher.php(187): Controller->invokeAction(Object(CakeRequest))
#8 C:\Program Files (x86)\EasyPHP-DevServer-13.1VC11\data\localweb\projects\cakephp\lib\Cake\Routing\Dispatcher.php(162): Dispatcher->_invoke(Object(PostsController), Object(CakeRequest), Object(CakeResponse))
#9 C:\Program Files (x86)\EasyPHP-DevServer-13.1VC11\data\localweb\projects\cakephp\app\webroot\index.php(110): Dispatcher->dispatch(Object(CakeRequest), Object(CakeResponse))
#10 {main}
2013-11-13 05:07:36 Error: [MissingControllerException] Controller class PostController could not be found.
Exception Attributes: array (
  'class' => 'PostController',
  'plugin' => NULL,
)
Request URL: /projects/cakephp/post
Stack Trace:
#0 C:\Program Files (x86)\EasyPHP-DevServer-13.1VC11\data\localweb\projects\cakephp\app\webroot\index.php(110): Dispatcher->dispatch(Object(CakeRequest), Object(CakeResponse))
#1 {main}
2013-11-13 05:07:47 Error: [MissingTableException] Table posts for model Post was not found in datasource default.
Exception Attributes: array (
  'table' => 'posts',
  'class' => 'Post',
  'ds' => 'default',
)
Request URL: /projects/cakephp/posts
Stack Trace:
#0 C:\Program Files (x86)\EasyPHP-DevServer-13.1VC11\data\localweb\projects\cakephp\lib\Cake\Model\Model.php(3476): Model->setSource('posts')
#1 C:\Program Files (x86)\EasyPHP-DevServer-13.1VC11\data\localweb\projects\cakephp\lib\Cake\Model\Model.php(2880): Model->getDataSource()
#2 C:\Program Files (x86)\EasyPHP-DevServer-13.1VC11\data\localweb\projects\cakephp\lib\Cake\Model\Model.php(2852): Model->_readDataSource('all', Array)
#3 C:\Program Files (x86)\EasyPHP-DevServer-13.1VC11\data\localweb\projects\cakephp\lib\Cake\Controller\Component\PaginatorComponent.php(198): Model->find('all', Array)
#4 C:\Program Files (x86)\EasyPHP-DevServer-13.1VC11\data\localweb\projects\cakephp\app\Controller\PostsController.php(25): PaginatorComponent->paginate()
#5 [internal function]: PostsController->index()
#6 C:\Program Files (x86)\EasyPHP-DevServer-13.1VC11\data\localweb\projects\cakephp\lib\Cake\Controller\Controller.php(490): ReflectionMethod->invokeArgs(Object(PostsController), Array)
#7 C:\Program Files (x86)\EasyPHP-DevServer-13.1VC11\data\localweb\projects\cakephp\lib\Cake\Routing\Dispatcher.php(187): Controller->invokeAction(Object(CakeRequest))
#8 C:\Program Files (x86)\EasyPHP-DevServer-13.1VC11\data\localweb\projects\cakephp\lib\Cake\Routing\Dispatcher.php(162): Dispatcher->_invoke(Object(PostsController), Object(CakeRequest), Object(CakeResponse))
#9 C:\Program Files (x86)\EasyPHP-DevServer-13.1VC11\data\localweb\projects\cakephp\app\webroot\index.php(110): Dispatcher->dispatch(Object(CakeRequest), Object(CakeResponse))
#10 {main}
2013-11-13 05:22:08 Error: Fatal Error (4): syntax error, unexpected '}' in [C:\Program Files (x86)\EasyPHP-DevServer-13.1VC11\data\localweb\projects\cakephp\app\Model\Post.php, line 5]
2013-11-13 05:22:08 Error: [FatalErrorException] syntax error, unexpected '}'
Request URL: /projects/cakephp/posts
Stack Trace:
#0 C:\Program Files (x86)\EasyPHP-DevServer-13.1VC11\data\localweb\projects\cakephp\lib\Cake\Error\ErrorHandler.php(205): ErrorHandler::handleFatalError(4, 'syntax error, u...', 'C:\Program File...', 5)
#1 [internal function]: ErrorHandler::handleError(4, 'syntax error, u...', 'C:\Program File...', 5, Array)
#2 C:\Program Files (x86)\EasyPHP-DevServer-13.1VC11\data\localweb\projects\cakephp\lib\Cake\Core\App.php(931): call_user_func('ErrorHandler::h...', 4, 'syntax error, u...', 'C:\Program File...', 5, Array)
#3 C:\Program Files (x86)\EasyPHP-DevServer-13.1VC11\data\localweb\projects\cakephp\lib\Cake\Core\App.php(904): App::_checkFatalError()
#4 [internal function]: App::shutdown()
#5 {main}
2013-11-13 05:22:35 Error: [MissingTableException] Table ’post’s for model Post was not found in datasource default.
Exception Attributes: array (
  'table' => '’post’s',
  'class' => 'Post',
  'ds' => 'default',
)
Request URL: /projects/cakephp/posts
Stack Trace:
#0 C:\Program Files (x86)\EasyPHP-DevServer-13.1VC11\data\localweb\projects\cakephp\lib\Cake\Model\Model.php(3476): Model->setSource('???post???s')
#1 C:\Program Files (x86)\EasyPHP-DevServer-13.1VC11\data\localweb\projects\cakephp\lib\Cake\Model\Model.php(2880): Model->getDataSource()
#2 C:\Program Files (x86)\EasyPHP-DevServer-13.1VC11\data\localweb\projects\cakephp\lib\Cake\Model\Model.php(2852): Model->_readDataSource('???all???', Array)
#3 C:\Program Files (x86)\EasyPHP-DevServer-13.1VC11\data\localweb\projects\cakephp\app\Controller\PostsController.php(6): Model->find('???all???')
#4 [internal function]: PostsController->index()
#5 C:\Program Files (x86)\EasyPHP-DevServer-13.1VC11\data\localweb\projects\cakephp\lib\Cake\Controller\Controller.php(490): ReflectionMethod->invokeArgs(Object(PostsController), Array)
#6 C:\Program Files (x86)\EasyPHP-DevServer-13.1VC11\data\localweb\projects\cakephp\lib\Cake\Routing\Dispatcher.php(187): Controller->invokeAction(Object(CakeRequest))
#7 C:\Program Files (x86)\EasyPHP-DevServer-13.1VC11\data\localweb\projects\cakephp\lib\Cake\Routing\Dispatcher.php(162): Dispatcher->_invoke(Object(PostsController), Object(CakeRequest), Object(CakeResponse))
#8 C:\Program Files (x86)\EasyPHP-DevServer-13.1VC11\data\localweb\projects\cakephp\app\webroot\index.php(110): Dispatcher->dispatch(Object(CakeRequest), Object(CakeResponse))
#9 {main}
2013-11-13 05:23:02 Error: [MissingTableException] Table ’post’s for model Post was not found in datasource default.
Exception Attributes: array (
  'table' => '’post’s',
  'class' => 'Post',
  'ds' => 'default',
)
Request URL: /projects/cakephp/posts
Stack Trace:
#0 C:\Program Files (x86)\EasyPHP-DevServer-13.1VC11\data\localweb\projects\cakephp\lib\Cake\Model\Model.php(3476): Model->setSource('???post???s')
#1 C:\Program Files (x86)\EasyPHP-DevServer-13.1VC11\data\localweb\projects\cakephp\lib\Cake\Model\Model.php(2880): Model->getDataSource()
#2 C:\Program Files (x86)\EasyPHP-DevServer-13.1VC11\data\localweb\projects\cakephp\lib\Cake\Model\Model.php(2852): Model->_readDataSource('???all???', Array)
#3 C:\Program Files (x86)\EasyPHP-DevServer-13.1VC11\data\localweb\projects\cakephp\app\Controller\PostsController.php(6): Model->find('???all???')
#4 [internal function]: PostsController->index()
#5 C:\Program Files (x86)\EasyPHP-DevServer-13.1VC11\data\localweb\projects\cakephp\lib\Cake\Controller\Controller.php(490): ReflectionMethod->invokeArgs(Object(PostsController), Array)
#6 C:\Program Files (x86)\EasyPHP-DevServer-13.1VC11\data\localweb\projects\cakephp\lib\Cake\Routing\Dispatcher.php(187): Controller->invokeAction(Object(CakeRequest))
#7 C:\Program Files (x86)\EasyPHP-DevServer-13.1VC11\data\localweb\projects\cakephp\lib\Cake\Routing\Dispatcher.php(162): Dispatcher->_invoke(Object(PostsController), Object(CakeRequest), Object(CakeResponse))
#8 C:\Program Files (x86)\EasyPHP-DevServer-13.1VC11\data\localweb\projects\cakephp\app\webroot\index.php(110): Dispatcher->dispatch(Object(CakeRequest), Object(CakeResponse))
#9 {main}
2013-11-13 05:26:40 Error: Fatal Error (1): Call to a member function find() on a non-object in [C:\Program Files (x86)\EasyPHP-DevServer-13.1VC11\data\localweb\projects\cakephp\app\Controller\PostsController.php, line 6]
2013-11-13 05:26:40 Error: [FatalErrorException] Call to a member function find() on a non-object
Request URL: /projects/cakephp/posts
Stack Trace:
#0 C:\Program Files (x86)\EasyPHP-DevServer-13.1VC11\data\localweb\projects\cakephp\lib\Cake\Error\ErrorHandler.php(205): ErrorHandler::handleFatalError(1, 'Call to a membe...', 'C:\Program File...', 6)
#1 [internal function]: ErrorHandler::handleError(1, 'Call to a membe...', 'C:\Program File...', 6, Array)
#2 C:\Program Files (x86)\EasyPHP-DevServer-13.1VC11\data\localweb\projects\cakephp\lib\Cake\Core\App.php(931): call_user_func('ErrorHandler::h...', 1, 'Call to a membe...', 'C:\Program File...', 6, Array)
#3 C:\Program Files (x86)\EasyPHP-DevServer-13.1VC11\data\localweb\projects\cakephp\lib\Cake\Core\App.php(904): App::_checkFatalError()
#4 [internal function]: App::shutdown()
#5 {main}
2013-11-13 05:27:10 Error: Fatal Error (1): Call to a member function find() on a non-object in [C:\Program Files (x86)\EasyPHP-DevServer-13.1VC11\data\localweb\projects\cakephp\app\Controller\PostsController.php, line 6]
2013-11-13 05:27:10 Error: [FatalErrorException] Call to a member function find() on a non-object
Request URL: /projects/cakephp/posts
Stack Trace:
#0 C:\Program Files (x86)\EasyPHP-DevServer-13.1VC11\data\localweb\projects\cakephp\lib\Cake\Error\ErrorHandler.php(205): ErrorHandler::handleFatalError(1, 'Call to a membe...', 'C:\Program File...', 6)
#1 [internal function]: ErrorHandler::handleError(1, 'Call to a membe...', 'C:\Program File...', 6, Array)
#2 C:\Program Files (x86)\EasyPHP-DevServer-13.1VC11\data\localweb\projects\cakephp\lib\Cake\Core\App.php(931): call_user_func('ErrorHandler::h...', 1, 'Call to a membe...', 'C:\Program File...', 6, Array)
#3 C:\Program Files (x86)\EasyPHP-DevServer-13.1VC11\data\localweb\projects\cakephp\lib\Cake\Core\App.php(904): App::_checkFatalError()
#4 [internal function]: App::shutdown()
#5 {main}
2013-11-13 05:27:15 Error: [MissingControllerException] Controller class PostController could not be found.
Exception Attributes: array (
  'class' => 'PostController',
  'plugin' => NULL,
)
Request URL: /projects/cakephp/post
Stack Trace:
#0 C:\Program Files (x86)\EasyPHP-DevServer-13.1VC11\data\localweb\projects\cakephp\app\webroot\index.php(110): Dispatcher->dispatch(Object(CakeRequest), Object(CakeResponse))
#1 {main}
2013-11-13 20:34:39 Error: Fatal Error (1): Call to a member function find() on a non-object in [C:\Program Files (x86)\EasyPHP-DevServer-13.1VC11\data\localweb\projects\cakephp\app\Controller\PostsController.php, line 6]
2013-11-13 20:34:39 Error: [FatalErrorException] Call to a member function find() on a non-object
Request URL: /projects/cakephp/posts
Stack Trace:
#0 C:\Program Files (x86)\EasyPHP-DevServer-13.1VC11\data\localweb\projects\cakephp\lib\Cake\Error\ErrorHandler.php(205): ErrorHandler::handleFatalError(1, 'Call to a membe...', 'C:\Program File...', 6)
#1 [internal function]: ErrorHandler::handleError(1, 'Call to a membe...', 'C:\Program File...', 6, Array)
#2 C:\Program Files (x86)\EasyPHP-DevServer-13.1VC11\data\localweb\projects\cakephp\lib\Cake\Core\App.php(931): call_user_func('ErrorHandler::h...', 1, 'Call to a membe...', 'C:\Program File...', 6, Array)
#3 C:\Program Files (x86)\EasyPHP-DevServer-13.1VC11\data\localweb\projects\cakephp\lib\Cake\Core\App.php(904): App::_checkFatalError()
#4 [internal function]: App::shutdown()
#5 {main}
2013-11-13 20:34:39 Error: Fatal Error (1): Call to a member function find() on a non-object in [C:\Program Files (x86)\EasyPHP-DevServer-13.1VC11\data\localweb\projects\cakephp\app\Controller\PostsController.php, line 6]
2013-11-13 20:34:39 Error: [FatalErrorException] Call to a member function find() on a non-object
Request URL: /projects/cakephp/posts
Stack Trace:
#0 C:\Program Files (x86)\EasyPHP-DevServer-13.1VC11\data\localweb\projects\cakephp\lib\Cake\Error\ErrorHandler.php(205): ErrorHandler::handleFatalError(1, 'Call to a membe...', 'C:\Program File...', 6)
#1 [internal function]: ErrorHandler::handleError(1, 'Call to a membe...', 'C:\Program File...', 6, Array)
#2 C:\Program Files (x86)\EasyPHP-DevServer-13.1VC11\data\localweb\projects\cakephp\lib\Cake\Core\App.php(931): call_user_func('ErrorHandler::h...', 1, 'Call to a membe...', 'C:\Program File...', 6, Array)
#3 C:\Program Files (x86)\EasyPHP-DevServer-13.1VC11\data\localweb\projects\cakephp\lib\Cake\Core\App.php(904): App::_checkFatalError()
#4 [internal function]: App::shutdown()
#5 {main}
